[2025-03-16T22:02:24.416Z] GET /api/livres
[2025-03-16T22:06:03.759Z] GET /api/livresse
[2025-03-16T22:07:52.166Z] GET /api/livresse
[2025-03-16T22:08:39.684Z] GET /api/livresse
[2025-03-16T22:08:59.069Z] GET /api/livres
[2025-03-16T22:09:10.423Z] POST /api/livres
[2025-03-16T22:09:29.447Z] POST /api/livres
[2025-03-17T14:07:01.729Z] GET /api/auteurs
[2025-03-17T19:45:19.121Z] GET /api/auteurs
[2025-03-17T19:52:10.490Z] GET /api/auteurs
[2025-03-17T19:52:33.755Z] GET /api/auteurs
[2025-03-17T19:52:58.731Z] GET /api/emprunts
[2025-03-17T19:55:27.095Z] GET /api/emprunts
[2025-03-17T19:56:18.887Z] GET /api/emprunts
[2025-03-17T19:57:17.506Z] GET /api/emprunts
[2025-03-17T20:01:15.908Z] POST /api/auteurs
[2025-03-17T20:01:57.369Z] POST /api/auteurs
[2025-03-17T20:02:20.816Z] POST /api/auteurs
[2025-03-17T21:36:06.443Z] GET /api/auteurs/2
[2025-03-17T21:36:24.192Z] GET /api/auteurs/8
[2025-03-17T21:55:02.448Z] GET /api/auteurs/8?toto=1
[2025-03-17T22:28:01.462Z] PUT /api/auteurs/8
[2025-03-17T22:31:40.823Z] PUT /api/auteurs/8
[2025-03-17T22:32:28.297Z] PUT /api/auteurs/8
[2025-03-17T22:32:46.673Z] PUT /api/auteurs/8
[2025-03-17T22:33:00.866Z] PUT /api/auteurs/8
[2025-03-17T22:33:18.471Z] PUT /api/auteurs/8
[2025-03-17T22:42:45.856Z] DELETE /api/auteurs/8
[2025-03-17T22:44:39.418Z] DELETE /api/auteurs/8
[2025-03-18T08:14:18.620Z] DELETE /api/livres/33
[2025-03-18T08:14:29.174Z] DELETE /api/livres/32
[2025-03-18T08:14:33.851Z] DELETE /api/livres/31
[2025-03-18T08:14:37.287Z] DELETE /api/livres/30
[2025-03-18T08:14:41.821Z] DELETE /api/livres/29
[2025-03-18T08:14:59.616Z] DELETE /api/livres/28
[2025-03-18T08:15:04.232Z] DELETE /api/livres/27
[2025-03-18T08:15:07.131Z] DELETE /api/livres/26
[2025-03-18T08:15:10.740Z] DELETE /api/livres/25
[2025-03-18T08:15:18.944Z] DELETE /api/livres/24
[2025-03-18T08:15:22.180Z] DELETE /api/livres/23
[2025-03-18T08:15:25.160Z] DELETE /api/livres/22
[2025-03-18T08:15:28.572Z] DELETE /api/livres/21
[2025-03-18T08:15:31.904Z] DELETE /api/livres/20
[2025-03-18T08:15:42.402Z] DELETE /api/livres/19
[2025-03-18T08:15:47.779Z] DELETE /api/livres/18
[2025-03-18T08:15:54.153Z] DELETE /api/livres/17
[2025-03-18T08:15:58.118Z] DELETE /api/livres/16
[2025-03-18T08:16:05.776Z] DELETE /api/livres/15
[2025-03-18T08:21:03.758Z] POST /auteurs
[2025-03-18T08:21:20.408Z] POST /api/auteurs
[2025-03-18T08:51:06.717Z] GET /api/livres?categorie=6
[2025-03-18T09:06:37.469Z] GET /api/livres?auteur=4
[2025-03-18T10:01:41.479Z] GET /api/livres?page=1&limit=10
[2025-03-18T10:02:07.230Z] GET /api/livres?page=1&limit=10
[2025-03-18T10:02:46.334Z] GET /api/livres?page=1&limit=10
[2025-03-18T21:09:12.163Z] GET /api/livres/2
[2025-03-18T21:10:14.635Z] GET /api/livres/2
[2025-03-19T08:08:33.154Z] POST /api/auteurs
